$ 7z x EnronDataOrg_AED_Mailbox-PSTs_20090122.7z 

7-Zip [64] 9.20  Copyright (c) 1999-2010 Igor Pavlov  2010-11-18
p7zip Version 9.20 (locale=en_US.UTF-8,Utf16=on,HugeFiles=on,8 CPUs)

Processing archive: EnronDataOrg_AED_Mailbox-PSTs_20090122.7z

Extracting  allen-p.pst
Extracting  arnold-j.pst
Extracting  arora-h.pst
Extracting  badeer-r.pst
Extracting  bailey-s.pst
Extracting  bass-e.pst
Extracting  baughman-d.pst
Extracting  beck-s.pst
Extracting  benson-r.pst
Extracting  blair-l.pst
Extracting  brawner-s.pst
Extracting  buy-r.pst
Extracting  campbell-l.pst
Extracting  carson-m.pst
Extracting  cash-m.pst
Extracting  causholli-m.pst
Extracting  corman-s.pst
Extracting  crandall-s.pst
Extracting  cuilla-m.pst
Extracting  dasovich-j.pst
Extracting  davis-d.pst
Extracting  dean-c.pst
Extracting  delainey-d.pst
Extracting  derrick-j.pst
Extracting  dickson-s.pst
Extracting  donoho-l.pst
Extracting  donohoe-t.pst
Extracting  dorland-c.pst
Extracting  ermis-f.pst
Extracting  farmer-d.pst
Extracting  fischer-m.pst
Extracting  forney-j.pst
Extracting  fossum-d.pst
Extracting  gang-l.pst
Extracting  gay-r.pst
Extracting  geaccone-t.pst
Extracting  germany-c.pst
Extracting  gilbertsmith-d.pst
Extracting  giron-d.pst
Extracting  griffith-j.pst
Extracting  grigsby-m.pst
Extracting  guzman-m.pst
Extracting  haedicke-m.pst
Extracting  hain-m.pst
Extracting  harris-s.pst
Extracting  hayslett-r.pst
Extracting  heard-m.pst
Extracting  hendrickson-s.pst
Extracting  hernandez-j.pst
Extracting  hodge-j.pst
Extracting  holst-k.pst
Extracting  horton-s.pst
Extracting  hyatt-k.pst
Extracting  hyvl-d.pst
Extracting  jones-t.pst
Extracting  kaminski-v.pst
Extracting  kean-s.pst
Extracting  keavey-p.pst
Extracting  keiser-k.pst
Extracting  king-j.pst
Extracting  kitchen-l.pst
Extracting  kuykendall-t.pst
Extracting  lavorato-j.pst
Extracting  lay-k.pst
Extracting  lenhart-m.pst
Extracting  lewis-a.pst
Extracting  linder-e.pst
Extracting  lokay-m.pst
Extracting  lokey-t.pst
Extracting  love-p.pst
Extracting  lucci-p.pst
Extracting  maggi-m.pst
Extracting  mann-k.pst
Extracting  martin-t.pst
Extracting  may-l.pst
Extracting  mccarty-d.pst
Extracting  mcconnell-m.pst
Extracting  mckay-b.pst
Extracting  mckay-j.pst
Extracting  mclaughlin-e.pst
Extracting  merriss-s.pst
Extracting  meyers-a.pst
Extracting  mims-thurston-p.pst
Extracting  motley-m.pst
Extracting  neal-s.pst
Extracting  nemec-g.pst
Extracting  panus-s.pst
Extracting  parks-j.pst
Extracting  pereira-s.pst
Extracting  perlingiere-d.pst
Extracting  pimenov-v.pst
Extracting  platter-p.pst
Extracting  presto-k.pst
Extracting  quenet-j.pst
Extracting  quigley-d.pst
Extracting  rapp-b.pst
Extracting  reitmeyer-j.pst
Extracting  richey-c.pst
Extracting  ring-a.pst
Extracting  ring-r.pst
Extracting  rodrigue-r.pst
Extracting  rogers-b.pst
Extracting  ruscitti-k.pst
Extracting  sager-e.pst
Extracting  saibi-e.pst
Extracting  salisbury-h.pst
Extracting  sanchez-m.pst
Extracting  sanders-r.pst
Extracting  scholtes-d.pst
Extracting  schoolcraft-d.pst
Extracting  schwieger-j.pst
Extracting  scott-s.pst
Extracting  semperger-c.pst
Extracting  shackleton-s.pst
Extracting  shankman-j.pst
Extracting  shapiro-r.pst
Extracting  shively-h.pst
Extracting  skilling-j.pst
Extracting  slinger-r.pst
Extracting  smith-m.pst
Extracting  solberg-g.pst
Extracting  south-s.pst
Extracting  staab-t.pst
Extracting  stclair-c.pst
Extracting  steffes-j.pst
Extracting  stepenovitch-j.pst
Extracting  stokley-c.pst
Extracting  storey-g.pst
Extracting  sturm-f.pst
Extracting  swerzbin-m.pst
Extracting  symes-k.pst
Extracting  taylor-m.pst
Extracting  tholt-j.pst
Extracting  thomas-p.pst
Extracting  townsend-j.pst
Extracting  tycholiz-b.pst
Extracting  ward-k.pst
Extracting  watson-k.pst
Extracting  weldon-c.pst
Extracting  whalley-g.pst
Extracting  white-s.pst
Extracting  whitt-m.pst
Extracting  williams-j.pst
Extracting  williams-w3.pst
Extracting  wolfe-j.pst
Extracting  ybarbo-p.pst
Extracting  zipper-a.pst
Extracting  zufferli-j.pst

Everything is Ok

Files: 148
Size:       9323122688
Compressed: 769340232
$ 

