06de91a8a17264713fd617303ea659a7  EnronDataOrg_AED_Mailbox-PSTs_20090122.7z
03d7cdd2d4412ac7483692821583c84c  allen-p.pst
ae286ad1c094508ea344ba6365e344c3  arnold-j.pst
0076dc34de12f92869520c4ec2f695e3  arora-h.pst
5c29d01860d8234e99e9e0c20ed6a867  badeer-r.pst
5fe1d77e7d39b6c6a53cfc67e16043c1  bailey-s.pst
6d9d8f848cd011504db96c2a958eebaa  bass-e.pst
cf2580a1b885ffbd5353053e1acc6039  baughman-d.pst
7f0f9ec07dd2797f4226c42162c2eb1c  beck-s.pst
209a7abe5011bb421e040a1ad3d54909  benson-r.pst
19c1389aeacb0c45c6e188f94bb88d44  blair-l.pst
c9f54a1113b46a73d4037df9b96e3845  brawner-s.pst
bca2d7f480fead8eac65c4ea9f2393ae  buy-r.pst
7014d424f5606ed33e2458100740af1e  campbell-l.pst
a90a52192d536738630f64197dc7bf05  carson-m.pst
74c13456d3073e52566cfb452ffe28f9  cash-m.pst
681d9cd9bbe03474455f95da31fc9fbc  causholli-m.pst
f57843c100ecb84f6a80d25128d94913  corman-s.pst
32d93a665377edb38623b47a3fad4649  crandall-s.pst
65569e00226f8c9d5e487fc01ba38b23  cuilla-m.pst
3bbc84666c33536cee2548301a7d8fde  dasovich-j.pst
c18c7c17e3661e105efb1b5324f6e76a  davis-d.pst
632476cf139bc96bc934bcb10e718798  dean-c.pst
94a11009613ef8fcdd37eb02bf577a14  delainey-d.pst
af639e3c05f16224db61eeb79c025795  derrick-j.pst
b37b4f59b55a5f767b30a92274a2e63e  dickson-s.pst
793e9362166bc63c32f7070841c610b0  donohoe-t.pst
6d48fbca630983b65e367ff4b664edcb  donoho-l.pst
def03968db439342e7d873fe3641063d  dorland-c.pst
3d4c8a448fb343125df9c1a789175653  ermis-f.pst
2b9fc8230591a8ea14e3e8521164c584  farmer-d.pst
9d6aa132dc76c29092c21c87ea293416  fischer-m.pst
6269a21e9e88ab31e15b05d67e992330  forney-j.pst
ac45f4df4f8e0d075d08239414fd52d9  fossum-d.pst
a79d84ecaa3dbb79db188ebeaaf027e2  gang-l.pst
68f4e9d8214ff0de02c4ad3a59ae3e3e  gay-r.pst
c7b0237fa0239fccfc93a530fa2890c5  geaccone-t.pst
a5e6c82e526021a9e3a586c75ab250f1  germany-c.pst
56b7367daa6a05a801cdbf5ddc6764b3  gilbertsmith-d.pst
95de83c8b010a76f7904191943b7a1fd  giron-d.pst
3b09ce00d6211fa77929f7a9d11e0574  griffith-j.pst
0f7a6294ae12985d18d5783a8e7fdf32  grigsby-m.pst
02066364cb906ef3c266ab273c1bdc6a  guzman-m.pst
76f68da2e9bda9af0e7e03383d88101c  haedicke-m.pst
976fd219281099b990b9966871692ee5  hain-m.pst
f57f99eb77bf11607c0d6b274046f1f1  harris-s.pst
2aded265e19eb20b4a3f1a051b9cc765  hayslett-r.pst
6453a61c5c44ae3fe9059696cc0329c6  heard-m.pst
3661d427f2155ffbe0d6e8a1c1fb4f93  hendrickson-s.pst
e1bdf799424df22c1b5c54d877e5b0a2  hernandez-j.pst
3ba9ea3ed174d3f9cf62b3f882103736  hodge-j.pst
8a1a553974030021064119bcb3a2a970  holst-k.pst
e3dcaaff00bded9ad059a7785618243c  horton-s.pst
f175356cdd8336a61250cb4b2612c036  hyatt-k.pst
a30d17f2efa4e2af20bd53225e6886ad  hyvl-d.pst
27e21bf385792b2cd8e95f63b4199fa8  jones-t.pst
cae218ea3f7a66d2ca4897afd908fb77  kaminski-v.pst
223815ebb1e07d546052cb82b80e2073  kean-s.pst
8d552a8ca3af5cd15ee460b6c67fcc92  keavey-p.pst
58ab7bbf969fc5ce23f760a3d43beed0  keiser-k.pst
5c03e7a7262ad25a0d796f97142daf03  king-j.pst
a83341cae6884b11fc8357077c521626  kitchen-l.pst
928df695bb465e8336dbd41b329ac5ce  kuykendall-t.pst
6591f921016e04110529b82a165ce058  lavorato-j.pst
6121f2e43d4d4d33e49b5a09193c4949  lay-k.pst
bdd1bf18ad66f2072687418827a2659f  lenhart-m.pst
f91eaf4dfcb3ea26fb5f715f16357421  lewis-a.pst
cfcf11b949ba8bcd27667776f43b5f8b  linder-e.pst
f0b8f467a6bdefa456013525743d792c  lokay-m.pst
f6fb883e52b62c988bb82637affc4045  lokey-t.pst
34131184fb57f63c77e19a77146ef5ec  love-p.pst
8e662fa70eada6d73dc4729cb894fdd7  lucci-p.pst
def9f296ce35a12d2a876820f69daacf  maggi-m.pst
00bfe4a85a525e6b9fd919d57d2542de  mann-k.pst
13165b39f5329639da2228073e3848fb  martin-t.pst
82f9541ceb39736ff954ed49d91f2c52  may-l.pst
009037afd33891b878c6368f5d95ab31  mccarty-d.pst
0f20e05e4000147d7ea5d052cd0b37be  mcconnell-m.pst
fb81128782bde519f55f448bf5f10bd2  mckay-b.pst
3d5494fed86e64f1d289a225eb9f9900  mckay-j.pst
dc7ddad033ea2cd0093ef621330b9d38  mclaughlin-e.pst
fe367b789a07a931af884e6016fc0306  merriss-s.pst
9ba3af1b2f4009b39adb0118cc5bc1d6  meyers-a.pst
ec27678418c760333127589ad1cea3f3  mims-thurston-p.pst
f0fd69a1933a754c308df4565df9b757  motley-m.pst
61239720a74c3fb327b508c3022052c4  neal-s.pst
c2dc8b56ff4385de1b75ae0fe3fbdf5b  nemec-g.pst
5b4085cef93765c97459c190d3bca087  panus-s.pst
41ad25496ea154af4d71e5ee2777b3fc  parks-j.pst
87431f228191a8d68631b3879a5ca43e  pereira-s.pst
dee0b270f47d40d4215db67d726c9732  perlingiere-d.pst
11115004a95091d49cf1d91a3d7b80ef  pimenov-v.pst
758b1c7dd44ce9214c04b27792022fa6  platter-p.pst
610566094c0fc06951094d1bd7899f5e  presto-k.pst
032ba56ceb0233bc5dd552d6f5339ce9  quenet-j.pst
272ae0b2907ccb906dee0caf8e549fe5  quigley-d.pst
ebba799a3fc4582c8937ef74327cdc5b  rapp-b.pst
4864a79ca9826a3a0c380f8d4729b816  reitmeyer-j.pst
8d0f21991d687360008178cbf8908eb6  richey-c.pst
657d577dd97300baad5e86230a32fd9d  ring-a.pst
bc705708f7bada39a8d1a2c1ce0dc464  ring-r.pst
72295ae9f0d6c98d882f8ae8fba33bc1  rodrigue-r.pst
84210ef4c535d002b0452747280d624e  rogers-b.pst
d57bce6e9b7f88bc1a570118da3e9ec1  ruscitti-k.pst
73c9f58213d96b50950a3e206f85310e  sager-e.pst
0e408b3947ebf426cab2b6382f3af7b4  saibi-e.pst
dccf9bbda9fc3a170d4813786f87fd51  salisbury-h.pst
38793f897ec6df091eec34e7875e880e  sanchez-m.pst
757bcb84aba7ad94f5b23156475c4838  sanders-r.pst
0e0ec321ccff4cbcde4d609b8aa78022  scholtes-d.pst
d94512e41bf87223b178bdc5628835fb  schoolcraft-d.pst
678bda037264c58f3a253124436c5d91  schwieger-j.pst
5c6e86b4da42b85297e5e4aaa184f746  scott-s.pst
351476ce4fb93e12b17603df7a569047  semperger-c.pst
e8eebe783ab8800ef2b6cf64b8b31252  shackleton-s.pst
c19b337d4826a8d10debc5338db25dc5  shankman-j.pst
a2dd8f6835d31b9ec3100ff86e102c03  shapiro-r.pst
2f6f41addd89a5cb4cb369e1dd449450  shively-h.pst
ad26e34c8e5ae301b0fadaf8ac552e66  skilling-j.pst
c7baf216f75eff3e878766670c4d9e78  slinger-r.pst
033ce5077e716c3e4f31424409d6e022  smith-m.pst
fc76dc7b0afa0d7f6432055d29483257  solberg-g.pst
15e7dba4a6baca401711d5a60ca02c54  south-s.pst
50d2ce6148ef93da5e340b2448680389  staab-t.pst
41142b8906682f6ca8f7aaa35ee4dcc3  stclair-c.pst
8b5338cf27d37027fe431d279a7c309c  steffes-j.pst
7b8aa08e6c9fc85b1ec6eef43da8cba9  stepenovitch-j.pst
35fb24261ce9190a46b80624967d9328  stokley-c.pst
78dd05725e63ee26b4574b9a52e6026e  storey-g.pst
a40912ea946c51080243161e87849d2c  sturm-f.pst
ec15583cb64bcfe642c4fe54812c1b4f  swerzbin-m.pst
fb9a87920c5daf01f160755f5881a4ec  symes-k.pst
b18dd6fdf0100a6aac347628d00adb09  taylor-m.pst
8d2eedd567d85999af0ac287abf18086  tholt-j.pst
2a38d6968bf0c2f1520c21d35d49df64  thomas-p.pst
5d1f92c7556fecef54180c080eaa08a5  townsend-j.pst
bdc1e044c2a6095d755b7c53ee152471  tycholiz-b.pst
27bf74512a101e3b3ea4d4fd047b57bb  ward-k.pst
2ebf0c131878ce553dab85bfff352a0b  watson-k.pst
b9c78ee2ccb1f69aebacfa36f2564f5a  weldon-c.pst
2f0d60c2e63be9275d3824e6590d6809  whalley-g.pst
1d6f3c1d3220c1012a1fa775619be9c0  white-s.pst
4c32f3371951f771124eb6aaddd612e9  whitt-m.pst
1a7f1d18fd3f0f43ccd8a26acc10d694  williams-j.pst
deccd6799cc93a446f4b14c8a6687c33  williams-w3.pst
b5498ba489968c7ca657d35057aaee08  wolfe-j.pst
5698fab7accf31624f7436bc71dac86e  ybarbo-p.pst
4f03345c23e3a450a5f01899f9440941  zipper-a.pst
fe2056606ee8efae5a313e37d646ea1c  zufferli-j.pst
